0 info it worked if it ends with ok
1 verbose cli [ '/usr/local/bin/node', '/usr/local/bin/npm', 'run', 'lint' ]
2 info using npm@3.10.10
3 info using node@v6.11.3
4 verbose run-script [ 'prelint', 'lint', 'postlint' ]
5 info lifecycle mdn-browser-compat-data@0.0.7~prelint: mdn-browser-compat-data@0.0.7
6 silly lifecycle mdn-browser-compat-data@0.0.7~prelint: no script for prelint, continuing
7 info lifecycle mdn-browser-compat-data@0.0.7~lint: mdn-browser-compat-data@0.0.7
8 verbose lifecycle mdn-browser-compat-data@0.0.7~lint: unsafe-perm in lifecycle true
9 verbose lifecycle mdn-browser-compat-data@0.0.7~lint: PATH: /usr/local/lib/node_modules/npm/bin/node-gyp-bin:/Users/chrismills/git/browser-compat-data/node_modules/.bin:/Applications/FirefoxNightly.app/Contents/MacOS:/Users/chrismills/git/wabt/out:/Applications:/usr/local/bin:/Library/Frameworks/Python.framework/Versions/3.5/bin:Applications/mongodb/bin:/Users/chrismills/Dropbox/Work/adt/sdk/platform-tools:/usr/local/bin:/System/Library/Frameworks/Python.framework/Versions/2.7/bin:/opt/local/bin:/opt/local/sbin:/Users/chrismills/.rvm/gems/ruby-1.9.3-p547/bin:/Users/chrismills/.rvm/gems/ruby-1.9.3-p547@global/bin:/Users/chrismills/.rvm/rubies/ruby-1.9.3-p547/bin:/usr/bin:/bin:/usr/sbin:/sbin:/usr/local/bin:/usr/local/Cellar:/usr/local/opt/ruby/bin:/usr/local/go/bin:/Users/chrismills/geckodriver:/opt/X11/bin:/Users/chrismills/chromedriver:/usr/local/git/bin:/Users/chrismills/.rvm/bin:/usr/local/git/bin:/usr/local/bin:/Users/chrismills/.rvm/bin:/Users/chrismills
10 verbose lifecycle mdn-browser-compat-data@0.0.7~lint: CWD: /Users/chrismills/git/browser-compat-data
11 silly lifecycle mdn-browser-compat-data@0.0.7~lint: Args: [ '-c', 'node test/lint' ]
12 silly lifecycle mdn-browser-compat-data@0.0.7~lint: Returned: code: 1  signal: null
13 info lifecycle mdn-browser-compat-data@0.0.7~lint: Failed to exec lint script
14 verbose stack Error: mdn-browser-compat-data@0.0.7 lint: `node test/lint`
14 verbose stack Exit status 1
14 verbose stack     at EventEmitter.<anonymous> (/usr/local/lib/node_modules/npm/lib/utils/lifecycle.js:255:16)
14 verbose stack     at emitTwo (events.js:106:13)
14 verbose stack     at EventEmitter.emit (events.js:191:7)
14 verbose stack     at ChildProcess.<anonymous> (/usr/local/lib/node_modules/npm/lib/utils/spawn.js:40:14)
14 verbose stack     at emitTwo (events.js:106:13)
14 verbose stack     at ChildProcess.emit (events.js:191:7)
14 verbose stack     at maybeClose (internal/child_process.js:920:16)
14 verbose stack     at Process.ChildProcess._handle.onexit (internal/child_process.js:230:5)
15 verbose pkgid mdn-browser-compat-data@0.0.7
16 verbose cwd /Users/chrismills/git/browser-compat-data
17 error Darwin 17.0.0
18 error argv "/usr/local/bin/node" "/usr/local/bin/npm" "run" "lint"
19 error node v6.11.3
20 error npm  v3.10.10
21 error code ELIFECYCLE
22 error mdn-browser-compat-data@0.0.7 lint: `node test/lint`
22 error Exit status 1
23 error Failed at the mdn-browser-compat-data@0.0.7 lint script 'node test/lint'.
23 error Make sure you have the latest version of node.js and npm installed.
23 error If you do, this is most likely a problem with the mdn-browser-compat-data package,
23 error not with npm itself.
23 error Tell the author that this fails on your system:
23 error     node test/lint
23 error You can get information on how to open an issue for this project with:
23 error     npm bugs mdn-browser-compat-data
23 error Or if that isn't available, you can get their info via:
23 error     npm owner ls mdn-browser-compat-data
23 error There is likely additional logging output above.
24 verbose exit [ 1, true ]
